<?xml version="1.0" encoding="UTF-8"?>
<robot generator="Robot 3.2.2 (Python 3.9.1 on win32)" generated="20201230 21:07:47.479" rpa="false">
<suite id="s1" name="Login Form" source="C:\qaninja\robot\WEB\login_form.robot">
<test id="s1-t1" name="Login com sucesso">
<kw name="Nova sessão" library="base" type="setup">
<kw name="Open Browser" library="SeleniumLibrary">
<doc>Opens a new browser instance to the optional ``url``.</doc>
<arguments>
<arg>${url}</arg>
<arg>chrome</arg>
</arguments>
<msg timestamp="20201230 21:07:48.418" level="INFO">Opening browser 'chrome' to base url 'https://training-wheels-protocol.herokuapp.com/'.</msg>
<status status="PASS" starttime="20201230 21:07:48.417" endtime="20201230 21:08:00.796"></status>
</kw>
<status status="PASS" starttime="20201230 21:07:48.417" endtime="20201230 21:08:00.796"></status>
</kw>
<kw name="Go To" library="SeleniumLibrary">
<doc>Navigates the current browser window to the provided ``url``.</doc>
<arguments>
<arg>${url}/login</arg>
</arguments>
<msg timestamp="20201230 21:08:00.797" level="INFO">Opening url 'https://training-wheels-protocol.herokuapp.com//login'</msg>
<status status="PASS" starttime="20201230 21:08:00.797" endtime="20201230 21:08:01.432"></status>
</kw>
<kw name="Login With">
<arguments>
<arg>stark</arg>
<arg>jarvis!</arg>
</arguments>
<kw name="Input Text" library="SeleniumLibrary">
<doc>Types the given ``text`` into the text field identified by ``locator``.</doc>
<arguments>
<arg>css:input[name=username]</arg>
<arg>${uname}</arg>
</arguments>
<msg timestamp="20201230 21:08:01.435" level="INFO">Typing text 'stark' into text field 'css:input[name=username]'.</msg>
<status status="PASS" starttime="20201230 21:08:01.434" endtime="20201230 21:08:01.513"></status>
</kw>
<kw name="Input Text" library="SeleniumLibrary">
<doc>Types the given ``text`` into the text field identified by ``locator``.</doc>
<arguments>
<arg>css:input[name=password]</arg>
<arg>${pass}</arg>
</arguments>
<msg timestamp="20201230 21:08:01.513" level="INFO">Typing text 'jarvis!' into text field 'css:input[name=password]'.</msg>
<status status="PASS" starttime="20201230 21:08:01.513" endtime="20201230 21:08:01.575"></status>
</kw>
<kw name="Click Element" library="SeleniumLibrary">
<doc>Click the element identified by ``locator``.</doc>
<arguments>
<arg>class:btn-login</arg>
</arguments>
<msg timestamp="20201230 21:08:01.576" level="INFO">Clicking element 'class:btn-login'.</msg>
<status status="PASS" starttime="20201230 21:08:01.575" endtime="20201230 21:08:02.061"></status>
</kw>
<status status="PASS" starttime="20201230 21:08:01.433" endtime="20201230 21:08:02.062"></status>
</kw>
<kw name="Should Contain Login Alert">
<arguments>
<arg>Olá, Tony Stark. Você acessou a área logada!</arg>
</arguments>
<kw name="Get WebElement" library="SeleniumLibrary">
<doc>Returns the first WebElement matching the given ``locator``.</doc>
<arguments>
<arg>id:flash</arg>
</arguments>
<assign>
<var>${message}</var>
</assign>
<msg timestamp="20201230 21:08:02.078" level="INFO">${message} = &lt;selenium.webdriver.remote.webelement.WebElement (session="987829cdf770925265407554128e3254", element="204984eb-2fa9-4517-ad8c-4e2fe9b8db26")&gt;</msg>
<status status="PASS" starttime="20201230 21:08:02.062" endtime="20201230 21:08:02.078"></status>
</kw>
<kw name="Should Contain" library="BuiltIn">
<doc>Fails if ``container`` does not contain ``item`` one or more times.</doc>
<arguments>
<arg>${message.text}</arg>
<arg>${MessageExpected}</arg>
</arguments>
<status status="PASS" starttime="20201230 21:08:02.079" endtime="20201230 21:08:02.100"></status>
</kw>
<status status="PASS" starttime="20201230 21:08:02.062" endtime="20201230 21:08:02.100"></status>
</kw>
<kw name="Encerra sessão" library="base" type="teardown">
<kw name="Capture Page Screenshot" library="SeleniumLibrary">
<doc>Takes a screenshot of the current page and embeds it into a log file.</doc>
<msg timestamp="20201230 21:08:02.490" level="INFO" html="yes">&lt;/td&gt;&lt;/tr&gt;&lt;tr&gt;&lt;td colspan="3"&gt;&lt;a href="selenium-screenshot-50.png"&gt;&lt;img src="selenium-screenshot-50.png" width="800px"&gt;&lt;/a&gt;</msg>
<status status="PASS" starttime="20201230 21:08:02.101" endtime="20201230 21:08:02.490"></status>
</kw>
<kw name="Close Browser" library="SeleniumLibrary">
<doc>Closes the current browser.</doc>
<status status="PASS" starttime="20201230 21:08:02.491" endtime="20201230 21:08:05.996"></status>
</kw>
<status status="PASS" starttime="20201230 21:08:02.101" endtime="20201230 21:08:05.996"></status>
</kw>
<status status="PASS" starttime="20201230 21:07:48.416" endtime="20201230 21:08:05.996" critical="yes"></status>
</test>
<test id="s1-t2" name="Senha Invalida">
<kw name="Nova sessão" library="base" type="setup">
<kw name="Open Browser" library="SeleniumLibrary">
<doc>Opens a new browser instance to the optional ``url``.</doc>
<arguments>
<arg>${url}</arg>
<arg>chrome</arg>
</arguments>
<msg timestamp="20201230 21:08:05.999" level="INFO">Opening browser 'chrome' to base url 'https://training-wheels-protocol.herokuapp.com/'.</msg>
<status status="PASS" starttime="20201230 21:08:05.998" endtime="20201230 21:08:16.519"></status>
</kw>
<status status="PASS" starttime="20201230 21:08:05.998" endtime="20201230 21:08:16.520"></status>
</kw>
<kw name="Go To" library="SeleniumLibrary">
<doc>Navigates the current browser window to the provided ``url``.</doc>
<arguments>
<arg>${url}/login</arg>
</arguments>
<msg timestamp="20201230 21:08:16.521" level="INFO">Opening url 'https://training-wheels-protocol.herokuapp.com//login'</msg>
<status status="PASS" starttime="20201230 21:08:16.520" endtime="20201230 21:08:17.045"></status>
</kw>
<kw name="Login With">
<arguments>
<arg>stark</arg>
<arg>4444!</arg>
</arguments>
<kw name="Input Text" library="SeleniumLibrary">
<doc>Types the given ``text`` into the text field identified by ``locator``.</doc>
<arguments>
<arg>css:input[name=username]</arg>
<arg>${uname}</arg>
</arguments>
<msg timestamp="20201230 21:08:17.047" level="INFO">Typing text 'stark' into text field 'css:input[name=username]'.</msg>
<status status="PASS" starttime="20201230 21:08:17.046" endtime="20201230 21:08:17.129"></status>
</kw>
<kw name="Input Text" library="SeleniumLibrary">
<doc>Types the given ``text`` into the text field identified by ``locator``.</doc>
<arguments>
<arg>css:input[name=password]</arg>
<arg>${pass}</arg>
</arguments>
<msg timestamp="20201230 21:08:17.129" level="INFO">Typing text '4444!' into text field 'css:input[name=password]'.</msg>
<status status="PASS" starttime="20201230 21:08:17.129" endtime="20201230 21:08:17.281"></status>
</kw>
<kw name="Click Element" library="SeleniumLibrary">
<doc>Click the element identified by ``locator``.</doc>
<arguments>
<arg>class:btn-login</arg>
</arguments>
<msg timestamp="20201230 21:08:17.281" level="INFO">Clicking element 'class:btn-login'.</msg>
<status status="PASS" starttime="20201230 21:08:17.281" endtime="20201230 21:08:17.765"></status>
</kw>
<status status="PASS" starttime="20201230 21:08:17.046" endtime="20201230 21:08:17.765"></status>
</kw>
<kw name="Should Contain Login Alert">
<arguments>
<arg>Senha é invalida!</arg>
</arguments>
<kw name="Get WebElement" library="SeleniumLibrary">
<doc>Returns the first WebElement matching the given ``locator``.</doc>
<arguments>
<arg>id:flash</arg>
</arguments>
<assign>
<var>${message}</var>
</assign>
<msg timestamp="20201230 21:08:17.779" level="INFO">${message} = &lt;selenium.webdriver.remote.webelement.WebElement (session="c44940198e07cfb224fdbd881875f480", element="68ca626f-03c1-4768-bdc4-a687370e9ec7")&gt;</msg>
<status status="PASS" starttime="20201230 21:08:17.766" endtime="20201230 21:08:17.779"></status>
</kw>
<kw name="Should Contain" library="BuiltIn">
<doc>Fails if ``container`` does not contain ``item`` one or more times.</doc>
<arguments>
<arg>${message.text}</arg>
<arg>${MessageExpected}</arg>
</arguments>
<status status="PASS" starttime="20201230 21:08:17.780" endtime="20201230 21:08:17.794"></status>
</kw>
<status status="PASS" starttime="20201230 21:08:17.766" endtime="20201230 21:08:17.794"></status>
</kw>
<kw name="Encerra sessão" library="base" type="teardown">
<kw name="Capture Page Screenshot" library="SeleniumLibrary">
<doc>Takes a screenshot of the current page and embeds it into a log file.</doc>
<msg timestamp="20201230 21:08:18.131" level="INFO" html="yes">&lt;/td&gt;&lt;/tr&gt;&lt;tr&gt;&lt;td colspan="3"&gt;&lt;a href="selenium-screenshot-51.png"&gt;&lt;img src="selenium-screenshot-51.png" width="800px"&gt;&lt;/a&gt;</msg>
<status status="PASS" starttime="20201230 21:08:17.795" endtime="20201230 21:08:18.131"></status>
</kw>
<kw name="Close Browser" library="SeleniumLibrary">
<doc>Closes the current browser.</doc>
<status status="PASS" starttime="20201230 21:08:18.131" endtime="20201230 21:08:21.177"></status>
</kw>
<status status="PASS" starttime="20201230 21:08:17.795" endtime="20201230 21:08:21.177"></status>
</kw>
<tags>
<tag>login_error</tag>
</tags>
<status status="PASS" starttime="20201230 21:08:05.998" endtime="20201230 21:08:21.178" critical="yes"></status>
</test>
<status status="PASS" starttime="20201230 21:07:47.495" endtime="20201230 21:08:21.180"></status>
</suite>
<statistics>
<total>
<stat pass="2" fail="0">Critical Tests</stat>
<stat pass="2" fail="0">All Tests</stat>
</total>
<tag>
<stat pass="1" fail="0">login_error</stat>
</tag>
<suite>
<stat pass="2" fail="0" id="s1" name="Login Form">Login Form</stat>
</suite>
</statistics>
<errors>
</errors>
</robot>
