<?xml version="1.0" encoding="UTF-8"?>
<robot generator="Robot 3.2.2 (Python 3.9.1 on win32)" generated="20201229 23:03:01.056" rpa="false">
<suite id="s1" name="Radio" source="C:\qaninja\robot\WEB\radio.robot">
<test id="s1-t1" name="Selecionando por id">
<kw name="Nova sessão" library="base" type="setup">
<kw name="Open Browser" library="SeleniumLibrary">
<doc>Opens a new browser instance to the optional ``url``.</doc>
<arguments>
<arg>${url}</arg>
<arg>chrome</arg>
</arguments>
<msg timestamp="20201229 23:03:02.717" level="INFO">Opening browser 'chrome' to base url 'https://training-wheels-protocol.herokuapp.com/'.</msg>
<status status="PASS" starttime="20201229 23:03:02.716" endtime="20201229 23:03:15.475"></status>
</kw>
<status status="PASS" starttime="20201229 23:03:02.715" endtime="20201229 23:03:15.476"></status>
</kw>
<kw name="Go To" library="SeleniumLibrary">
<doc>Navigates the current browser window to the provided ``url``.</doc>
<arguments>
<arg>${url}/radios</arg>
</arguments>
<msg timestamp="20201229 23:03:15.477" level="INFO">Opening url 'https://training-wheels-protocol.herokuapp.com//radios'</msg>
<status status="PASS" starttime="20201229 23:03:15.477" endtime="20201229 23:03:16.252"></status>
</kw>
<kw name="Select Radio Button" library="SeleniumLibrary">
<doc>Sets the radio button group ``group_name`` to ``value``.</doc>
<arguments>
<arg>movies</arg>
<arg>thor</arg>
</arguments>
<msg timestamp="20201229 23:03:16.254" level="INFO">Selecting 'thor' from radio button 'movies'.</msg>
<status status="PASS" starttime="20201229 23:03:16.253" endtime="20201229 23:03:16.400"></status>
</kw>
<kw name="Radio Button Should Be Set To" library="SeleniumLibrary">
<doc>Verifies radio button group ``group_name`` is set to ``value``.</doc>
<arguments>
<arg>movies</arg>
<arg>thor</arg>
</arguments>
<msg timestamp="20201229 23:03:16.402" level="INFO">Verifying radio button 'movies' has selection 'thor'.</msg>
<status status="PASS" starttime="20201229 23:03:16.401" endtime="20201229 23:03:16.503"></status>
</kw>
<kw name="Sleep" library="BuiltIn">
<doc>Pauses the test executed for the given time.</doc>
<arguments>
<arg>2</arg>
</arguments>
<msg timestamp="20201229 23:03:18.521" level="INFO">Slept 2 seconds</msg>
<status status="PASS" starttime="20201229 23:03:16.504" endtime="20201229 23:03:18.521"></status>
</kw>
<kw name="Encerra sessão" library="base" type="teardown">
<kw name="Capture Page Screenshot" library="SeleniumLibrary">
<doc>Takes a screenshot of the current page and embeds it into a log file.</doc>
<msg timestamp="20201229 23:03:19.022" level="INFO" html="yes">&lt;/td&gt;&lt;/tr&gt;&lt;tr&gt;&lt;td colspan="3"&gt;&lt;a href="selenium-screenshot-11.png"&gt;&lt;img src="selenium-screenshot-11.png" width="800px"&gt;&lt;/a&gt;</msg>
<status status="PASS" starttime="20201229 23:03:18.524" endtime="20201229 23:03:19.022"></status>
</kw>
<kw name="Close Browser" library="SeleniumLibrary">
<doc>Closes the current browser.</doc>
<status status="PASS" starttime="20201229 23:03:19.022" endtime="20201229 23:03:22.925"></status>
</kw>
<status status="PASS" starttime="20201229 23:03:18.522" endtime="20201229 23:03:22.925"></status>
</kw>
<status status="PASS" starttime="20201229 23:03:02.714" endtime="20201229 23:03:22.926" critical="yes"></status>
</test>
<status status="PASS" starttime="20201229 23:03:01.086" endtime="20201229 23:03:22.928"></status>
</suite>
<statistics>
<total>
<stat pass="1" fail="0">Critical Tests</stat>
<stat pass="1" fail="0">All Tests</stat>
</total>
<tag>
</tag>
<suite>
<stat pass="1" fail="0" id="s1" name="Radio">Radio</stat>
</suite>
</statistics>
<errors>
</errors>
</robot>
